<?xml version="1.0" encoding="UTF-8"?>
<!-- Generated by org.testng.reporters.JUnitReportReporter -->
<testsuite hostname="DESKTOP-8BH4R7N" failures="0" tests="2" name="testpack.Firstpage" time="4.404" errors="0" timestamp="2024-06-03T20:34:02 IST" skipped="0">
  <testcase classname="testpack.Firstpage" name="firstpage" time="1.465"/>
  <system-out/>
  <testcase classname="testpack.Firstpage" name="secondtestcase" time="2.939"/>
  <system-out/>
</testsuite> <!-- testpack.Firstpage -->
