<?xml version="1.0" encoding="UTF-8"?>
<!-- Generated by org.testng.reporters.JUnitReportReporter -->
<testsuite hostname="DESKTOP-8BH4R7N" failures="0" tests="2" name="testpack.Homepage" time="34.092" errors="0" timestamp="2024-06-01T17:40:54 IST" skipped="0">
  <testcase classname="testpack.Homepage" name="Homepage" time="7.062"/>
  <system-out/>
  <testcase classname="testpack.Homepage" name="Sale" time="27.030"/>
  <system-out/>
</testsuite> <!-- testpack.Homepage -->
