<?xml version="1.0" encoding="UTF-8"?>
<!-- Generated by org.testng.reporters.JUnitReportReporter -->
<testsuite hostname="DESKTOP-8BH4R7N" failures="0" tests="3" name="Newdemo.Homepage" time="6.971" errors="0" timestamp="2024-06-08T17:43:26 IST" skipped="0">
  <testcase classname="Newdemo.Homepage" name="firstpage" time="1.830"/>
  <system-out/>
  <testcase classname="Newdemo.Homepage" name="firstpage" time="0.324"/>
  <system-out/>
  <testcase classname="Newdemo.Homepage" name="firstpage" time="4.817"/>
  <system-out/>
</testsuite> <!-- Newdemo.Homepage -->
